DEBUG:netmiko:read_channel: exit





























































DIST_1 con0 is now available





Press RETURN to get started.









DEBUG:netmiko:write_channel: b'\r\n'
DEBUG:netmiko:read_channel: 
**************************************************************************
* IOSv is strictly limited to use for evaluation, demonstration and IOS  *
* education. IOSv is provided as-is and is not supported by Cisco's      *
* Technical Advisory Center. Any use or disclosure, in whole or in part, *
* of the IOSv Software or Documentation to any third party for any       *
* purposes is expressly prohibited except as otherwise authorized by     *
* Cisco in writing.                                                      *
**************************************************************************

User Access Verification

Username: 
DEBUG:netmiko:write_channel: b'thalo\r\n'
DEBUG:netmiko:read_channel: thalo
Password: 
DEBUG:netmiko:write_channel: b'1234\r\n'
DEBUG:netmiko:read_channel: 
**************************************************************************
* IOSv is strictly limited to use for evaluation, demonstration and IOS  *
* education. IOSv is provided as-is and is not supported by Cisco's      *
* Technical Advisory Center. Any use or disclosure, in whole or in part, *
* of the IOSv Software or Documentation to any third party for any       *
* purposes is expressly prohibited except as otherwise authorized by     *
* Cisco in writing.                                                      *
**************************************************************************
DIST_1#
DIST_1#
DEBUG:netmiko:read_channel: 
DEBUG:netmiko:read_channel: 
DEBUG:netmiko:write_channel: b'\r\n'
DEBUG:netmiko:read_channel: 
DIST_1#
DIST_1#
DEBUG:netmiko:read_channel: 
